<?xml version="1.0" encoding="UTF-8"?>
<testsuite xmlns:xsi="http://www.w3.org/2001/XMLSchema-instance" xsi:noNamespaceSchemaLocation="https://maven.apache.org/surefire/maven-surefire-plugin/xsd/surefire-test-report-3.0.xsd" version="3.0" name="com.api.olympic.OlympicApplicationTests" time="2.707" tests="1" errors="0" skipped="0" failures="0">
  <properties>
[...]
</properties>
  <testcase name="contextLoads" classname="com.api.olympic.OlympicApplicationTests" time="0.747">
    <system-out><![CDATA[16:51:20.168 [main] INFO org.springframework.test.context.support.AnnotationConfigContextLoaderUtils -- Could not detect default configuration classes for test class [com.api.olympic.OlympicApplicationTests]: OlympicApplicationTests does not declare any static, non-private, non-final, nested classes annotated with @Configuration.
16:51:20.289 [main] INFO org.springframework.boot.test.context.SpringBootTestContextBootstrapper -- Found @SpringBootConfiguration com.api.olympic.OlympicApplication for test class com.api.olympic.OlympicApplicationTests
16:51:20.454 [main] INFO org.springframework.boot.devtools.restart.RestartApplicationListener -- Restart disabled due to context in which it is running

  .   ____          _            __ _ _
 /\\ / ___'_ __ _ _(_)_ __  __ _ \ \ \ \
( ( )\___ | '_ | '_| | '_ \/ _` | \ \ \ \
 \\/  ___)| |_)| | | | | || (_| |  ) ) ) )
  '  |____| .__|_| |_|_| |_\__, | / / / /
 =========|_|==============|___/=/_/_/_/

 :: Spring Boot ::                (v3.3.2)

2024-08-07T16:51:20.715-03:00  INFO 34658 --- [olympic] [           main] c.api.olympic.OlympicApplicationTests    : Starting OlympicApplicationTests using Java 17.0.12 with PID 34658 (started by ledilson in /home/ledilson/ProjetosJava/mp-hackathon-olimpiadas/olympic)
2024-08-07T16:51:20.717-03:00  INFO 34658 --- [olympic] [           main] c.api.olympic.OlympicApplicationTests    : No active profile set, falling back to 1 default profile: "default"
2024-08-07T16:51:21.932-03:00  INFO 34658 --- [olympic] [           main] c.api.olympic.OlympicApplicationTests    : Started OlympicApplicationTests in 1.49 seconds (process running for 2.639)
]]></system-out>
  </testcase>
</testsuite>